TN:
SF:script/Counter.s.sol
FN:7,CounterScript.setUp
FNDA:0,CounterScript.setUp
FN:9,CounterScript.run
FNDA:0,CounterScript.run
DA:10,0
FNF:2
FNH:0
LF:1
LH:0
BRF:0
BRH:0
end_of_record
TN:
SF:src/contracts/StrategyRouter.sol
FN:16,StrategyRouter.depositToVault
FNDA:512,StrategyRouter.depositToVault
DA:22,512
DA:23,512
DA:24,512
FN:27,StrategyRouter.reedemShares
FNDA:256,StrategyRouter.reedemShares
DA:33,256
FN:36,StrategyRouter.redeemToDeposit
FNDA:0,StrategyRouter.redeemToDeposit
DA:44,0
DA:45,0
FN:48,StrategyRouter.depositMax
FNDA:256,StrategyRouter.depositMax
DA:49,256
DA:50,256
DA:51,256
DA:52,256
DA:53,256
DA:54,256
FN:57,StrategyRouter.redeemMax
FNDA:256,StrategyRouter.redeemMax
DA:58,256
DA:59,256
DA:60,256
DA:61,256
FNF:5
FNH:4
LF:16
LH:14
BRF:0
BRH:0
end_of_record
TN:
SF:src/contracts/TokemakStrategy.sol
FN:51,TokemakStrategy.initialize
FNDA:0,TokemakStrategy.initialize
DA:59,0
DA:60,0
DA:61,0
DA:62,0
DA:63,0
DA:64,0
DA:65,0
DA:66,0
FN:75,TokemakStrategy.deposit
FNDA:0,TokemakStrategy.deposit
DA:76,0
BRDA:76,0,0,-
BRDA:76,0,1,-
DA:79,0
DA:80,0
DA:82,0
BRDA:82,1,0,-
BRDA:82,1,1,-
DA:83,0
DA:84,0
DA:86,0
DA:90,0
FN:95,TokemakStrategy._stake
FNDA:0,TokemakStrategy._stake
DA:96,0
DA:97,0
DA:98,0
DA:99,0
FN:102,TokemakStrategy.rewardsSigner
FNDA:0,TokemakStrategy.rewardsSigner
DA:103,0
FN:112,TokemakStrategy._claim
FNDA:0,TokemakStrategy._claim
DA:118,0
FN:123,TokemakStrategy._getClaimableAmount
FNDA:0,TokemakStrategy._getClaimableAmount
DA:124,0
FN:137,TokemakStrategy.autoCompoundWithPermit
FNDA:0,TokemakStrategy.autoCompoundWithPermit
DA:139,0
DA:140,0
DA:143,0
BRDA:143,2,0,-
BRDA:143,2,1,-
DA:144,0
DA:145,0
DA:146,0
BRDA:146,3,0,-
BRDA:146,3,1,-
DA:149,0
DA:151,0
DA:153,0
DA:155,0
BRDA:155,4,0,-
BRDA:155,4,1,-
FN:161,TokemakStrategy._balanceLiquidity
FNDA:0,TokemakStrategy._balanceLiquidity
DA:162,0
DA:165,0
DA:166,0
DA:167,0
DA:168,0
DA:170,0
FN:177,TokemakStrategy.swapExactTokens
FNDA:0,TokemakStrategy.swapExactTokens
DA:178,0
DA:179,0
FN:191,TokemakStrategy.calculateSwapInAmount
FNDA:0,TokemakStrategy.calculateSwapInAmount
DA:192,0
FN:200,TokemakStrategy.addLiquidity
FNDA:0,TokemakStrategy.addLiquidity
DA:206,0
DA:207,0
DA:208,0
FN:233,TokemakStrategy.requestWithdrawal
FNDA:0,TokemakStrategy.requestWithdrawal
DA:234,0
BRDA:234,5,0,-
BRDA:234,5,1,-
DA:235,0
DA:236,0
FN:239,TokemakStrategy.currentCycle
FNDA:0,TokemakStrategy.currentCycle
DA:240,0
FN:244,TokemakStrategy.withdraw
FNDA:0,TokemakStrategy.withdraw
DA:245,0
DA:246,0
BRDA:246,6,0,-
BRDA:246,6,1,-
DA:247,0
BRDA:247,7,0,-
BRDA:247,7,1,-
DA:248,0
DA:249,0
DA:250,0
FN:254,TokemakStrategy._getChainID
FNDA:0,TokemakStrategy._getChainID
DA:255,0
DA:258,0
DA:260,0
FN:263,TokemakStrategy.tokeToken
FNDA:0,TokemakStrategy.tokeToken
DA:264,0
FNF:16
FNH:0
LF:59
LH:0
BRF:16
BRH:0
end_of_record
TN:
SF:src/contracts/exchanges/UniswapV3.sol
FN:15,UniswapV3.swap
FNDA:0,UniswapV3.swap
DA:20,0
DA:21,0
DA:22,0
FN:15,UniswapV3.swap
FNDA:0,UniswapV3.swap
DA:20,0
DA:21,0
DA:22,0
FNF:2
FNH:0
LF:6
LH:0
BRF:0
BRH:0
end_of_record
TN:
SF:src/contracts/external/ERC4626RouterBase.sol
FN:13,ERC4626RouterBase.mint
FNDA:0,ERC4626RouterBase.mint
DA:19,0
BRDA:19,0,0,-
BRDA:19,0,1,-
DA:20,0
FN:25,ERC4626RouterBase.deposit
FNDA:0,ERC4626RouterBase.deposit
DA:31,768
BRDA:31,1,0,-
BRDA:31,1,1,768
DA:32,0
FN:37,ERC4626RouterBase.withdraw
FNDA:0,ERC4626RouterBase.withdraw
DA:43,256
BRDA:43,2,0,-
BRDA:43,2,1,256
DA:44,0
FN:49,ERC4626RouterBase.redeem
FNDA:0,ERC4626RouterBase.redeem
DA:55,256
BRDA:55,3,0,-
BRDA:55,3,1,256
DA:56,0
FNF:4
FNH:0
LF:8
LH:3
BRF:8
BRH:3
end_of_record
TN:
SF:src/contracts/external/PeripheryPayments.sol
FN:33,PeripheryPayments.approve
FNDA:512,PeripheryPayments.approve
DA:34,512
FN:37,PeripheryPayments.unwrapWETH9
FNDA:0,PeripheryPayments.unwrapWETH9
DA:38,0
DA:39,0
BRDA:39,0,0,-
BRDA:39,0,1,-
DA:41,0
BRDA:41,1,0,-
BRDA:41,1,1,-
DA:42,0
DA:43,0
FN:47,PeripheryPayments.wrapWETH9
FNDA:0,PeripheryPayments.wrapWETH9
DA:48,0
BRDA:48,2,0,-
BRDA:48,2,1,-
FN:51,PeripheryPayments.pullToken
FNDA:0,PeripheryPayments.pullToken
DA:52,768
FN:55,PeripheryPayments.sweepToken
FNDA:0,PeripheryPayments.sweepToken
DA:60,0
DA:61,0
BRDA:61,3,0,-
BRDA:61,3,1,-
DA:63,0
BRDA:63,4,0,-
BRDA:63,4,1,-
DA:64,0
FN:68,PeripheryPayments.refundETH
FNDA:0,PeripheryPayments.refundETH
DA:69,0
BRDA:69,5,0,-
BRDA:69,5,1,-
FNF:6
FNH:1
LF:13
LH:2
BRF:12
BRH:0
end_of_record
TN:
SF:src/contracts/interfaces/tokemak/Babylonian.sol
FN:6,Babylonian.sqrt
FNDA:0,Babylonian.sqrt
DA:7,0
BRDA:7,0,0,-
BRDA:7,0,1,-
DA:8,0
DA:9,0
DA:10,0
DA:11,0
DA:12,0
DA:14,0
BRDA:14,1,0,-
BRDA:14,1,1,-
DA:15,0
FNF:1
FNH:0
LF:8
LH:0
BRF:4
BRH:0
end_of_record
TN:
SF:src/test/mocks/ERC20Mock.sol
FN:9,ERC20Mock.mint
FNDA:1024,ERC20Mock.mint
DA:10,1024
FNF:1
FNH:1
LF:1
LH:1
BRF:0
BRH:0
end_of_record
TN:
SF:src/test/mocks/StrategyMock.sol
FN:16,StrategyMock.deposit
FNDA:768,StrategyMock.deposit
DA:17,768
FN:21,StrategyMock.withdraw
FNDA:256,StrategyMock.withdraw
DA:26,256
FN:32,StrategyMock.totalAssets
FNDA:0,StrategyMock.totalAssets
DA:33,997
FN:35,StrategyMock.mint
FNDA:256,StrategyMock.mint
DA:36,256
FNF:4
FNH:3
LF:4
LH:4
BRF:0
BRH:0
end_of_record
