TN:
SF:script/DeployStrategy.sol
FN:7,CounterScript.setUp
FNDA:0,CounterScript.setUp
FN:9,CounterScript.run
FNDA:0,CounterScript.run
DA:10,0
FNF:2
FNH:0
LF:1
LH:0
BRF:0
BRH:0
end_of_record
TN:
SF:src/contracts/StrategyRouter.sol
FN:14,StrategyRouter.depositToVault
FNDA:512,StrategyRouter.depositToVault
DA:20,512
DA:21,512
DA:22,512
FN:30,StrategyRouter.requestReedemShares
FNDA:0,StrategyRouter.requestReedemShares
DA:35,0
BRDA:35,0,0,-
BRDA:35,0,1,-
DA:36,0
FN:39,StrategyRouter.reedemShares
FNDA:256,StrategyRouter.reedemShares
DA:45,256
FN:48,StrategyRouter.redeemToDeposit
FNDA:0,StrategyRouter.redeemToDeposit
DA:56,0
DA:57,0
FN:60,StrategyRouter.depositMax
FNDA:256,StrategyRouter.depositMax
DA:65,256
DA:66,256
DA:67,256
DA:68,256
DA:69,256
DA:70,256
FN:73,StrategyRouter.redeemMax
FNDA:256,StrategyRouter.redeemMax
DA:78,256
DA:79,256
DA:80,256
DA:83,256
FNF:6
FNH:4
LF:18
LH:14
BRF:2
BRH:0
end_of_record
TN:
SF:src/contracts/exchanges/UniswapV3.sol
FN:20,UniswapV3.swap
FNDA:0,UniswapV3.swap
DA:27,0
DA:28,0
DA:30,0
BRDA:29,0,0,-
BRDA:29,0,1,-
DA:43,0
FN:20,UniswapV3.swap
FNDA:0,UniswapV3.swap
DA:27,0
DA:28,0
DA:30,0
BRDA:29,0,0,-
BRDA:29,0,1,-
DA:43,0
FNF:2
FNH:0
LF:8
LH:0
BRF:4
BRH:0
end_of_record
TN:
SF:src/contracts/external/ERC4626RouterBase.sol
FN:13,ERC4626RouterBase.mint
FNDA:0,ERC4626RouterBase.mint
DA:19,0
BRDA:19,0,0,-
BRDA:19,0,1,-
DA:20,0
FN:25,ERC4626RouterBase.deposit
FNDA:0,ERC4626RouterBase.deposit
DA:31,768
BRDA:31,1,0,-
BRDA:31,1,1,768
DA:32,0
FN:37,ERC4626RouterBase.withdraw
FNDA:0,ERC4626RouterBase.withdraw
DA:44,256
BRDA:43,2,0,-
BRDA:43,2,1,256
DA:46,0
FN:51,ERC4626RouterBase.redeem
FNDA:0,ERC4626RouterBase.redeem
DA:57,256
BRDA:57,3,0,-
BRDA:57,3,1,256
DA:58,0
FNF:4
FNH:0
LF:8
LH:3
BRF:8
BRH:3
end_of_record
TN:
SF:src/contracts/external/PeripheryPayments.sol
FN:33,PeripheryPayments.approve
FNDA:512,PeripheryPayments.approve
DA:34,512
FN:37,PeripheryPayments.unwrapWETH9
FNDA:0,PeripheryPayments.unwrapWETH9
DA:38,0
DA:39,0
BRDA:39,0,0,-
BRDA:39,0,1,-
DA:41,0
BRDA:41,1,0,-
BRDA:41,1,1,-
DA:42,0
DA:43,0
FN:47,PeripheryPayments.wrapWETH9
FNDA:0,PeripheryPayments.wrapWETH9
DA:48,0
BRDA:48,2,0,-
BRDA:48,2,1,-
FN:51,PeripheryPayments.pullToken
FNDA:0,PeripheryPayments.pullToken
DA:52,768
FN:55,PeripheryPayments.sweepToken
FNDA:0,PeripheryPayments.sweepToken
DA:60,0
DA:61,0
BRDA:61,3,0,-
BRDA:61,3,1,-
DA:63,0
BRDA:63,4,0,-
BRDA:63,4,1,-
DA:64,0
FN:68,PeripheryPayments.refundETH
FNDA:0,PeripheryPayments.refundETH
DA:69,0
BRDA:69,5,0,-
BRDA:69,5,1,-
FNF:6
FNH:1
LF:13
LH:2
BRF:12
BRH:0
end_of_record
TN:
SF:src/contracts/interfaces/tokemak/Babylonian.sol
FN:6,Babylonian.sqrt
FNDA:0,Babylonian.sqrt
DA:7,0
BRDA:7,0,0,-
BRDA:7,0,1,-
DA:8,0
DA:9,0
DA:10,0
DA:11,0
DA:12,0
DA:14,0
BRDA:14,1,0,-
BRDA:14,1,1,-
DA:15,0
FNF:1
FNH:0
LF:8
LH:0
BRF:4
BRH:0
end_of_record
TN:
SF:src/contracts/xVault.sol
FN:97,xVault.
FNDA:1,xVault.
DA:98,1
DA:99,1
FN:102,xVault.setPoolLimit
FNDA:768,xVault.setPoolLimit
DA:103,768
BRDA:103,0,0,-
BRDA:103,0,1,768
DA:104,768
FN:117,xVault.autoCompoundWithPermit
FNDA:256,xVault.autoCompoundWithPermit
DA:122,256
DA:123,256
DA:124,256
DA:128,256
BRDA:128,1,0,-
BRDA:128,1,1,256
DA:129,256
DA:130,256
DA:131,256
BRDA:131,2,0,-
BRDA:131,2,1,256
DA:134,256
DA:136,256
DA:139,256
DA:141,256
BRDA:141,3,0,256
BRDA:141,3,1,256
FN:146,xVault.requestWithdrawal
FNDA:0,xVault.requestWithdrawal
DA:147,0
BRDA:147,4,0,-
BRDA:147,4,1,-
DA:148,0
DA:149,0
FN:155,xVault.totalAssets
FNDA:512,xVault.totalAssets
DA:157,1281
DA:158,1281
DA:159,1281
DA:160,1281
DA:162,1281
BRDA:162,5,0,769
BRDA:162,5,1,512
DA:165,769
DA:170,512
DA:171,512
FN:176,xVault.syncRewards
FNDA:256,xVault.syncRewards
DA:177,256
DA:178,256
DA:180,256
BRDA:180,6,0,-
BRDA:180,6,1,256
DA:182,256
DA:183,256
DA:185,256
DA:187,256
DA:190,256
DA:191,256
DA:192,256
DA:194,256
FN:198,xVault.beforeWithdraw
FNDA:1,xVault.beforeWithdraw
DA:199,1
DA:200,1
BRDA:200,7,0,1
BRDA:200,7,1,-
DA:201,0
BRDA:201,8,0,-
BRDA:201,8,1,-
DA:202,0
DA:203,0
DA:204,0
DA:205,0
FN:208,xVault.deposit
FNDA:1026,xVault.deposit
DA:209,1026
BRDA:209,9,0,-
BRDA:209,9,1,1026
DA:210,1026
BRDA:210,10,0,-
BRDA:210,10,1,1026
DA:211,1026
FN:218,xVault.afterDeposit
FNDA:1026,xVault.afterDeposit
DA:219,1026
BRDA:219,11,0,1026
BRDA:219,11,1,1026
DA:220,1026
DA:221,1026
DA:222,1026
FN:225,xVault._stake
FNDA:1282,xVault._stake
DA:226,1282
DA:227,1282
FN:236,xVault._claim
FNDA:256,xVault._claim
DA:240,256
FN:245,xVault._getClaimableAmount
FNDA:256,xVault._getClaimableAmount
DA:246,256
FN:253,xVault._balanceLiquidity
FNDA:256,xVault._balanceLiquidity
DA:254,256
DA:257,256
DA:259,256
DA:260,256
DA:261,256
DA:263,256
FN:270,xVault._swapExactTokens
FNDA:256,xVault._swapExactTokens
DA:271,256
DA:272,256
FN:284,xVault._calculateSwapInAmount
FNDA:256,xVault._calculateSwapInAmount
DA:285,256
DA:286,256
FN:289,xVault._splitSign
FNDA:0,xVault._splitSign
DA:290,0
BRDA:290,12,0,-
BRDA:290,12,1,-
DA:293,0
DA:294,0
DA:295,0
FN:304,xVault._addLiquidity
FNDA:256,xVault._addLiquidity
DA:312,256
DA:313,256
DA:314,256
FNF:17
FNH:15
LF:72
LH:60
BRF:26
BRH:13
end_of_record
TN:
SF:src/test/mocks/ERC20Mock.sol
FN:9,ERC20Mock.mint
FNDA:1024,ERC20Mock.mint
DA:10,1024
FNF:1
FNH:1
LF:1
LH:1
BRF:0
BRH:0
end_of_record
TN:
SF:src/test/mocks/LpMock.sol
FN:9,LpMock.mint
FNDA:1280,LpMock.mint
DA:10,1280
FN:13,LpMock.getReserves
FNDA:256,LpMock.getReserves
DA:18,256
DA:19,256
DA:20,256
FNF:2
FNH:2
LF:4
LH:4
BRF:0
BRH:0
end_of_record
TN:
SF:src/test/mocks/StrategyMock.sol
FN:14,StrategyMock.deposit
FNDA:768,StrategyMock.deposit
DA:18,768
FN:21,StrategyMock.withdraw
FNDA:256,StrategyMock.withdraw
DA:26,256
FN:29,StrategyMock.totalAssets
FNDA:0,StrategyMock.totalAssets
DA:30,988
FN:33,StrategyMock.mint
FNDA:256,StrategyMock.mint
DA:34,256
FNF:4
FNH:3
LF:4
LH:4
BRF:0
BRH:0
end_of_record
TN:
SF:src/test/mocks/TokeManagerMock.sol
FN:6,TokeManagerMock.getCurrentCycleIndex
FNDA:0,TokeManagerMock.getCurrentCycleIndex
DA:7,0
FNF:1
FNH:0
LF:1
LH:0
BRF:0
BRH:0
end_of_record
TN:
SF:src/test/mocks/TokePoolMock.sol
FN:7,TokePoolMock.requestWithdrawal
FNDA:0,TokePoolMock.requestWithdrawal
DA:8,0
FN:11,TokePoolMock.withdraw
FNDA:0,TokePoolMock.withdraw
DA:12,0
DA:13,0
DA:14,0
FN:17,TokePoolMock.deposit
FNDA:1280,TokePoolMock.deposit
DA:18,1280
DA:19,1280
FNF:3
FNH:1
LF:6
LH:2
BRF:0
BRH:0
end_of_record
TN:
SF:src/test/mocks/TokeRewardsMock.sol
FN:56,TokeRewardsMock.hashDomain
FNDA:256,TokeRewardsMock.hashDomain
DA:57,256
FN:69,TokeRewardsMock.hashRecipient
FNDA:256,TokeRewardsMock.hashRecipient
DA:70,512
FN:82,TokeRewardsMock.hash
FNDA:0,TokeRewardsMock.hash
DA:83,256
FN:86,TokeRewardsMock.getClaimableAmount
FNDA:256,TokeRewardsMock.getClaimableAmount
DA:89,256
FN:92,TokeRewardsMock.split
FNDA:0,TokeRewardsMock.split
DA:93,0
BRDA:93,0,0,-
BRDA:93,0,1,-
DA:96,0
DA:97,0
DA:98,0
FN:102,TokeRewardsMock.claim
FNDA:256,TokeRewardsMock.claim
DA:108,256
DA:110,256
DA:111,256
DA:113,256
BRDA:113,1,0,-
BRDA:113,1,1,256
DA:114,256
BRDA:114,2,0,-
BRDA:114,2,1,256
DA:115,256
BRDA:115,3,0,-
BRDA:115,3,1,256
DA:117,256
DA:120,256
DA:121,256
BRDA:121,4,0,-
BRDA:121,4,1,256
DA:122,256
BRDA:122,5,0,-
BRDA:122,5,1,256
DA:124,256
DA:126,256
DA:128,256
FNF:6
FNH:4
LF:21
LH:17
BRF:12
BRH:5
end_of_record
TN:
SF:src/test/mocks/UniRouterV2Mock.sol
FN:17,UniRouterV2Mock.WETH
FNDA:0,UniRouterV2Mock.WETH
DA:18,0
FN:20,UniRouterV2Mock.swapExactTokensForTokens
FNDA:256,UniRouterV2Mock.swapExactTokensForTokens
DA:27,256
DA:28,256
DA:29,256
DA:30,256
DA:31,256
FN:34,UniRouterV2Mock.addLiquidity
FNDA:256,UniRouterV2Mock.addLiquidity
DA:44,256
DA:45,256
DA:46,256
DA:47,256
DA:48,256
DA:49,256
FNF:3
FNH:2
LF:12
LH:11
BRF:0
BRH:0
end_of_record
